[0.630s] Invoking command in '/home/muhie/Desktop/dev_ps/src/turtlesim_cleaner': PYTHONPATH=/home/muhie/Desktop/dev_ps/build/turtlesim_cleaner/prefix_override:/usr/lib/python3/dist-packages/colcon_core/task/python/colcon_distutils_commands:/home/muhie/Desktop/dev_ps/install/turtlesim_cleaner/lib/python3.10/site-packages:${PYTHONPATH} /usr/bin/python3 -W ignore:setup.py install is deprecated setup.py egg_info --egg-base ../../build/turtlesim_cleaner build --build-base /home/muhie/Desktop/dev_ps/build/turtlesim_cleaner/build install --record /home/muhie/Desktop/dev_ps/build/turtlesim_cleaner/install.log --single-version-externally-managed install_data
[0.891s] running egg_info
[0.892s] writing ../../build/turtlesim_cleaner/turtlesim_cleaner.egg-info/PKG-INFO
[0.892s] writing dependency_links to ../../build/turtlesim_cleaner/turtlesim_cleaner.egg-info/dependency_links.txt
[0.892s] writing entry points to ../../build/turtlesim_cleaner/turtlesim_cleaner.egg-info/entry_points.txt
[0.893s] writing requirements to ../../build/turtlesim_cleaner/turtlesim_cleaner.egg-info/requires.txt
[0.893s] writing top-level names to ../../build/turtlesim_cleaner/turtlesim_cleaner.egg-info/top_level.txt
[0.894s] reading manifest file '../../build/turtlesim_cleaner/turtlesim_cleaner.egg-info/SOURCES.txt'
[0.895s] writing manifest file '../../build/turtlesim_cleaner/turtlesim_cleaner.egg-info/SOURCES.txt'
[0.895s] running build
[0.895s] running build_py
[0.896s] copying turtlesim_cleaner/robot_cleaner.py -> /home/muhie/Desktop/dev_ps/build/turtlesim_cleaner/build/lib/turtlesim_cleaner
[0.896s] running install
[0.896s] running install_lib
[0.896s] copying /home/muhie/Desktop/dev_ps/build/turtlesim_cleaner/build/lib/turtlesim_cleaner/robot_cleaner.py -> /home/muhie/Desktop/dev_ps/install/turtlesim_cleaner/lib/python3.10/site-packages/turtlesim_cleaner
[0.897s] byte-compiling /home/muhie/Desktop/dev_ps/install/turtlesim_cleaner/lib/python3.10/site-packages/turtlesim_cleaner/robot_cleaner.py to robot_cleaner.cpython-310.pyc
[0.897s] running install_data
[0.898s] running install_egg_info
[0.899s] removing '/home/muhie/Desktop/dev_ps/install/turtlesim_cleaner/lib/python3.10/site-packages/turtlesim_cleaner-0.0.0-py3.10.egg-info' (and everything under it)
[0.899s] Copying ../../build/turtlesim_cleaner/turtlesim_cleaner.egg-info to /home/muhie/Desktop/dev_ps/install/turtlesim_cleaner/lib/python3.10/site-packages/turtlesim_cleaner-0.0.0-py3.10.egg-info
[0.900s] running install_scripts
[0.921s] Installing robot_cleaner script to /home/muhie/Desktop/dev_ps/install/turtlesim_cleaner/lib/turtlesim_cleaner
[0.922s] writing list of installed files to '/home/muhie/Desktop/dev_ps/build/turtlesim_cleaner/install.log'
[0.949s] Invoked command in '/home/muhie/Desktop/dev_ps/src/turtlesim_cleaner' returned '0': PYTHONPATH=/home/muhie/Desktop/dev_ps/build/turtlesim_cleaner/prefix_override:/usr/lib/python3/dist-packages/colcon_core/task/python/colcon_distutils_commands:/home/muhie/Desktop/dev_ps/install/turtlesim_cleaner/lib/python3.10/site-packages:${PYTHONPATH} /usr/bin/python3 -W ignore:setup.py install is deprecated setup.py egg_info --egg-base ../../build/turtlesim_cleaner build --build-base /home/muhie/Desktop/dev_ps/build/turtlesim_cleaner/build install --record /home/muhie/Desktop/dev_ps/build/turtlesim_cleaner/install.log --single-version-externally-managed install_data
