[0.676s] Invoking command in '/home/muhie/Desktop/dev_ps/src/turtlesim_cleaner': PYTHONPATH=/home/muhie/Desktop/dev_ps/build/turtlesim_cleaner/prefix_override:/usr/lib/python3/dist-packages/colcon_core/task/python/colcon_distutils_commands:/home/muhie/Desktop/dev_ps/install/turtlesim_cleaner/lib/python3.10/site-packages:${PYTHONPATH} /usr/bin/python3 -W ignore:setup.py install is deprecated setup.py egg_info --egg-base ../../build/turtlesim_cleaner build --build-base /home/muhie/Desktop/dev_ps/build/turtlesim_cleaner/build install --record /home/muhie/Desktop/dev_ps/build/turtlesim_cleaner/install.log --single-version-externally-managed install_data
[0.954s] running egg_info
[0.954s] writing ../../build/turtlesim_cleaner/turtlesim_cleaner.egg-info/PKG-INFO
[0.954s] writing dependency_links to ../../build/turtlesim_cleaner/turtlesim_cleaner.egg-info/dependency_links.txt
[0.955s] writing entry points to ../../build/turtlesim_cleaner/turtlesim_cleaner.egg-info/entry_points.txt
[0.955s] writing requirements to ../../build/turtlesim_cleaner/turtlesim_cleaner.egg-info/requires.txt
[0.955s] writing top-level names to ../../build/turtlesim_cleaner/turtlesim_cleaner.egg-info/top_level.txt
[0.956s] reading manifest file '../../build/turtlesim_cleaner/turtlesim_cleaner.egg-info/SOURCES.txt'
[0.958s] writing manifest file '../../build/turtlesim_cleaner/turtlesim_cleaner.egg-info/SOURCES.txt'
[0.958s] running build
[0.958s] running build_py
[0.958s] copying turtlesim_cleaner/robot_cleaner.py -> /home/muhie/Desktop/dev_ps/build/turtlesim_cleaner/build/lib/turtlesim_cleaner
[0.959s] running install
[0.959s] running install_lib
[0.959s] copying /home/muhie/Desktop/dev_ps/build/turtlesim_cleaner/build/lib/turtlesim_cleaner/robot_cleaner.py -> /home/muhie/Desktop/dev_ps/install/turtlesim_cleaner/lib/python3.10/site-packages/turtlesim_cleaner
[0.960s] byte-compiling /home/muhie/Desktop/dev_ps/install/turtlesim_cleaner/lib/python3.10/site-packages/turtlesim_cleaner/robot_cleaner.py to robot_cleaner.cpython-310.pyc
[0.960s] running install_data
[0.961s] running install_egg_info
[0.962s] removing '/home/muhie/Desktop/dev_ps/install/turtlesim_cleaner/lib/python3.10/site-packages/turtlesim_cleaner-0.0.0-py3.10.egg-info' (and everything under it)
[0.962s] Copying ../../build/turtlesim_cleaner/turtlesim_cleaner.egg-info to /home/muhie/Desktop/dev_ps/install/turtlesim_cleaner/lib/python3.10/site-packages/turtlesim_cleaner-0.0.0-py3.10.egg-info
[0.963s] running install_scripts
[0.981s] Installing robot_cleaner script to /home/muhie/Desktop/dev_ps/install/turtlesim_cleaner/lib/turtlesim_cleaner
[0.981s] writing list of installed files to '/home/muhie/Desktop/dev_ps/build/turtlesim_cleaner/install.log'
[1.003s] Invoked command in '/home/muhie/Desktop/dev_ps/src/turtlesim_cleaner' returned '0': PYTHONPATH=/home/muhie/Desktop/dev_ps/build/turtlesim_cleaner/prefix_override:/usr/lib/python3/dist-packages/colcon_core/task/python/colcon_distutils_commands:/home/muhie/Desktop/dev_ps/install/turtlesim_cleaner/lib/python3.10/site-packages:${PYTHONPATH} /usr/bin/python3 -W ignore:setup.py install is deprecated setup.py egg_info --egg-base ../../build/turtlesim_cleaner build --build-base /home/muhie/Desktop/dev_ps/build/turtlesim_cleaner/build install --record /home/muhie/Desktop/dev_ps/build/turtlesim_cleaner/install.log --single-version-externally-managed install_data
