[0.721s] Invoking command in '/home/muhie/Desktop/dev_ps/src/turtlesim_cleaner': PYTHONPATH=/home/muhie/Desktop/dev_ps/build/turtlesim_cleaner/prefix_override:/usr/lib/python3/dist-packages/colcon_core/task/python/colcon_distutils_commands:/home/muhie/Desktop/dev_ps/install/turtlesim_cleaner/lib/python3.10/site-packages:${PYTHONPATH} /usr/bin/python3 -W ignore:setup.py install is deprecated setup.py egg_info --egg-base ../../build/turtlesim_cleaner build --build-base /home/muhie/Desktop/dev_ps/build/turtlesim_cleaner/build install --record /home/muhie/Desktop/dev_ps/build/turtlesim_cleaner/install.log --single-version-externally-managed install_data
[0.995s] running egg_info
[0.996s] writing ../../build/turtlesim_cleaner/turtlesim_cleaner.egg-info/PKG-INFO
[0.996s] writing dependency_links to ../../build/turtlesim_cleaner/turtlesim_cleaner.egg-info/dependency_links.txt
[0.996s] writing entry points to ../../build/turtlesim_cleaner/turtlesim_cleaner.egg-info/entry_points.txt
[0.996s] writing requirements to ../../build/turtlesim_cleaner/turtlesim_cleaner.egg-info/requires.txt
[0.997s] writing top-level names to ../../build/turtlesim_cleaner/turtlesim_cleaner.egg-info/top_level.txt
[0.998s] reading manifest file '../../build/turtlesim_cleaner/turtlesim_cleaner.egg-info/SOURCES.txt'
[0.999s] writing manifest file '../../build/turtlesim_cleaner/turtlesim_cleaner.egg-info/SOURCES.txt'
[0.999s] running build
[0.999s] running build_py
[0.999s] running install
[1.000s] running install_lib
[1.001s] running install_data
[1.001s] running install_egg_info
[1.002s] removing '/home/muhie/Desktop/dev_ps/install/turtlesim_cleaner/lib/python3.10/site-packages/turtlesim_cleaner-0.0.0-py3.10.egg-info' (and everything under it)
[1.003s] Copying ../../build/turtlesim_cleaner/turtlesim_cleaner.egg-info to /home/muhie/Desktop/dev_ps/install/turtlesim_cleaner/lib/python3.10/site-packages/turtlesim_cleaner-0.0.0-py3.10.egg-info
[1.004s] running install_scripts
[1.024s] Installing robot_cleaner script to /home/muhie/Desktop/dev_ps/install/turtlesim_cleaner/lib/turtlesim_cleaner
[1.025s] writing list of installed files to '/home/muhie/Desktop/dev_ps/build/turtlesim_cleaner/install.log'
[1.050s] Invoked command in '/home/muhie/Desktop/dev_ps/src/turtlesim_cleaner' returned '0': PYTHONPATH=/home/muhie/Desktop/dev_ps/build/turtlesim_cleaner/prefix_override:/usr/lib/python3/dist-packages/colcon_core/task/python/colcon_distutils_commands:/home/muhie/Desktop/dev_ps/install/turtlesim_cleaner/lib/python3.10/site-packages:${PYTHONPATH} /usr/bin/python3 -W ignore:setup.py install is deprecated setup.py egg_info --egg-base ../../build/turtlesim_cleaner build --build-base /home/muhie/Desktop/dev_ps/build/turtlesim_cleaner/build install --record /home/muhie/Desktop/dev_ps/build/turtlesim_cleaner/install.log --single-version-externally-managed install_data
