[0.672s] Invoking command in '/home/muhie/Desktop/dev_ps/src/turtlesim_cleaner': PYTHONPATH=/home/muhie/Desktop/dev_ps/build/turtlesim_cleaner/prefix_override:/usr/lib/python3/dist-packages/colcon_core/task/python/colcon_distutils_commands:/home/muhie/Desktop/dev_ps/install/turtlesim_cleaner/lib/python3.10/site-packages:${PYTHONPATH} /usr/bin/python3 -W ignore:setup.py install is deprecated setup.py egg_info --egg-base ../../build/turtlesim_cleaner build --build-base /home/muhie/Desktop/dev_ps/build/turtlesim_cleaner/build install --record /home/muhie/Desktop/dev_ps/build/turtlesim_cleaner/install.log --single-version-externally-managed install_data
[0.945s] running egg_info
[0.946s] writing ../../build/turtlesim_cleaner/turtlesim_cleaner.egg-info/PKG-INFO
[0.946s] writing dependency_links to ../../build/turtlesim_cleaner/turtlesim_cleaner.egg-info/dependency_links.txt
[0.946s] writing entry points to ../../build/turtlesim_cleaner/turtlesim_cleaner.egg-info/entry_points.txt
[0.947s] writing requirements to ../../build/turtlesim_cleaner/turtlesim_cleaner.egg-info/requires.txt
[0.948s] writing top-level names to ../../build/turtlesim_cleaner/turtlesim_cleaner.egg-info/top_level.txt
[0.950s] reading manifest file '../../build/turtlesim_cleaner/turtlesim_cleaner.egg-info/SOURCES.txt'
[0.952s] writing manifest file '../../build/turtlesim_cleaner/turtlesim_cleaner.egg-info/SOURCES.txt'
[0.952s] running build
[0.952s] running build_py
[0.953s] running install
[0.953s] running install_lib
[0.954s] running install_data
[0.954s] running install_egg_info
[0.955s] removing '/home/muhie/Desktop/dev_ps/install/turtlesim_cleaner/lib/python3.10/site-packages/turtlesim_cleaner-0.0.0-py3.10.egg-info' (and everything under it)
[0.956s] Copying ../../build/turtlesim_cleaner/turtlesim_cleaner.egg-info to /home/muhie/Desktop/dev_ps/install/turtlesim_cleaner/lib/python3.10/site-packages/turtlesim_cleaner-0.0.0-py3.10.egg-info
[0.956s] running install_scripts
[0.976s] Installing robot_cleaner script to /home/muhie/Desktop/dev_ps/install/turtlesim_cleaner/lib/turtlesim_cleaner
[0.976s] writing list of installed files to '/home/muhie/Desktop/dev_ps/build/turtlesim_cleaner/install.log'
[1.001s] Invoked command in '/home/muhie/Desktop/dev_ps/src/turtlesim_cleaner' returned '0': PYTHONPATH=/home/muhie/Desktop/dev_ps/build/turtlesim_cleaner/prefix_override:/usr/lib/python3/dist-packages/colcon_core/task/python/colcon_distutils_commands:/home/muhie/Desktop/dev_ps/install/turtlesim_cleaner/lib/python3.10/site-packages:${PYTHONPATH} /usr/bin/python3 -W ignore:setup.py install is deprecated setup.py egg_info --egg-base ../../build/turtlesim_cleaner build --build-base /home/muhie/Desktop/dev_ps/build/turtlesim_cleaner/build install --record /home/muhie/Desktop/dev_ps/build/turtlesim_cleaner/install.log --single-version-externally-managed install_data
