running egg_info
writing ../../build/turtlesim_cleaner/turtlesim_cleaner.egg-info/PKG-INFO
writing dependency_links to ../../build/turtlesim_cleaner/turtlesim_cleaner.egg-info/dependency_links.txt
writing entry points to ../../build/turtlesim_cleaner/turtlesim_cleaner.egg-info/entry_points.txt
writing requirements to ../../build/turtlesim_cleaner/turtlesim_cleaner.egg-info/requires.txt
writing top-level names to ../../build/turtlesim_cleaner/turtlesim_cleaner.egg-info/top_level.txt
reading manifest file '../../build/turtlesim_cleaner/turtlesim_cleaner.egg-info/SOURCES.txt'
writing manifest file '../../build/turtlesim_cleaner/turtlesim_cleaner.egg-info/SOURCES.txt'
running build
running build_py
copying turtlesim_cleaner/robot_cleaner.py -> /home/muhie/Desktop/dev_ps/build/turtlesim_cleaner/build/lib/turtlesim_cleaner
running install
running install_lib
copying /home/muhie/Desktop/dev_ps/build/turtlesim_cleaner/build/lib/turtlesim_cleaner/robot_cleaner.py -> /home/muhie/Desktop/dev_ps/install/turtlesim_cleaner/lib/python3.10/site-packages/turtlesim_cleaner
byte-compiling /home/muhie/Desktop/dev_ps/install/turtlesim_cleaner/lib/python3.10/site-packages/turtlesim_cleaner/robot_cleaner.py to robot_cleaner.cpython-310.pyc
running install_data
running install_egg_info
removing '/home/muhie/Desktop/dev_ps/install/turtlesim_cleaner/lib/python3.10/site-packages/turtlesim_cleaner-0.0.0-py3.10.egg-info' (and everything under it)
Copying ../../build/turtlesim_cleaner/turtlesim_cleaner.egg-info to /home/muhie/Desktop/dev_ps/install/turtlesim_cleaner/lib/python3.10/site-packages/turtlesim_cleaner-0.0.0-py3.10.egg-info
running install_scripts
Installing robot_cleaner script to /home/muhie/Desktop/dev_ps/install/turtlesim_cleaner/lib/turtlesim_cleaner
writing list of installed files to '/home/muhie/Desktop/dev_ps/build/turtlesim_cleaner/install.log'
